<?xml version="1.0" encoding="UTF-8"?>
<coverage generated="1746002507461" clover="3.2.0">
  <project timestamp="1746002507461" name="All files">
    <metrics statements="29" coveredstatements="17" conditionals="4" coveredconditionals="3" methods="10" coveredmethods="4" elements="43" coveredelements="24" complexity="0" loc="29" ncloc="29" packages="1" files="3" classes="3"/>
    <file name="Point.ts" path="C:\Users\User\OneDrive\Desktop\EHU-2year\DesignPatterns\DesignPatterns_lab1TS\src\Point.ts">
      <metrics statements="2" coveredstatements="2" conditionals="0" coveredconditionals="0" methods="1" coveredmethods="1"/>
      <line num="1" count="1" type="stmt"/>
      <line num="2" count="3" type="stmt"/>
    </file>
    <file name="ShapeValidator.ts" path="C:\Users\User\OneDrive\Desktop\EHU-2year\DesignPatterns\DesignPatterns_lab1TS\src\ShapeValidator.ts">
      <metrics statements="7" coveredstatements="6" conditionals="4" coveredconditionals="3" methods="1" coveredmethods="1"/>
      <line num="1" count="1" type="stmt"/>
      <line num="3" count="2" type="stmt"/>
      <line num="5" count="2" type="cond" truecount="1" falsecount="0"/>
      <line num="7" count="1" type="stmt"/>
      <line num="9" count="1" type="cond" truecount="2" falsecount="1"/>
      <line num="10" count="0" type="stmt"/>
      <line num="12" count="1" type="stmt"/>
    </file>
    <file name="Triangle.ts" path="C:\Users\User\OneDrive\Desktop\EHU-2year\DesignPatterns\DesignPatterns_lab1TS\src\Triangle.ts">
      <metrics statements="20" coveredstatements="9" conditionals="0" coveredconditionals="0" methods="8" coveredmethods="2"/>
      <line num="3" count="1" type="stmt"/>
      <line num="7" count="1" type="stmt"/>
      <line num="8" count="1" type="stmt"/>
      <line num="9" count="1" type="stmt"/>
      <line num="11" count="1" type="stmt"/>
      <line num="15" count="1" type="stmt"/>
      <line num="16" count="1" type="stmt"/>
      <line num="17" count="1" type="stmt"/>
      <line num="19" count="1" type="stmt"/>
      <line num="23" count="0" type="stmt"/>
      <line num="24" count="0" type="stmt"/>
      <line num="25" count="0" type="stmt"/>
      <line num="27" count="0" type="stmt"/>
      <line num="31" count="0" type="stmt"/>
      <line num="37" count="0" type="stmt"/>
      <line num="41" count="0" type="stmt"/>
      <line num="47" count="0" type="stmt"/>
      <line num="49" count="0" type="stmt"/>
      <line num="57" count="0" type="stmt"/>
      <line num="63" count="0" type="stmt"/>
    </file>
  </project>
</coverage>
