{"C:\\Users\\User\\OneDrive\\Desktop\\EHU-2year\\DesignPatterns\\DesignPatterns_lab1TS\\src\\Point.ts": {"path":"C:\\Users\\User\\OneDrive\\Desktop\\EHU-2year\\DesignPatterns\\DesignPatterns_lab1TS\\src\\Point.ts","statementMap":{"0":{"start":{"line":2,"column":21},"end":{"line":2,"column":30}},"1":{"start":{"line":2,"column":39},"end":{"line":2,"column":48}},"2":{"start":{"line":1,"column":0},"end":{"line":1,"column":21}}},"fnMap":{"0":{"name":"(anonymous_0)","decl":{"start":{"line":2,"column":2},"end":{"line":2,"column":21}},"loc":{"start":{"line":2,"column":48},"end":{"line":2,"column":52}}}},"branchMap":{},"s":{"0":3,"1":3,"2":1},"f":{"0":3},"b":{}}
,"C:\\Users\\User\\OneDrive\\Desktop\\EHU-2year\\DesignPatterns\\DesignPatterns_lab1TS\\src\\ShapeValidator.ts": {"path":"C:\\Users\\User\\OneDrive\\Desktop\\EHU-2year\\DesignPatterns\\DesignPatterns_lab1TS\\src\\ShapeValidator.ts","statementMap":{"0":{"start":{"line":3,"column":18},"end":{"line":3,"column":50}},"1":{"start":{"line":5,"column":4},"end":{"line":5,"column":65}},"2":{"start":{"line":5,"column":27},"end":{"line":5,"column":65}},"3":{"start":{"line":7,"column":25},"end":{"line":7,"column":40}},"4":{"start":{"line":9,"column":4},"end":{"line":10,"column":53}},"5":{"start":{"line":10,"column":6},"end":{"line":10,"column":53}},"6":{"start":{"line":12,"column":4},"end":{"line":12,"column":48}},"7":{"start":{"line":1,"column":0},"end":{"line":1,"column":21}}},"fnMap":{"0":{"name":"(anonymous_0)","decl":{"start":{"line":2,"column":2},"end":{"line":2,"column":8}},"loc":{"start":{"line":2,"column":39},"end":{"line":13,"column":3}}}},"branchMap":{"0":{"loc":{"start":{"line":5,"column":4},"end":{"line":5,"column":65}},"type":"if","locations":[{"start":{"line":5,"column":4},"end":{"line":5,"column":65}}]},"1":{"loc":{"start":{"line":9,"column":4},"end":{"line":10,"column":53}},"type":"if","locations":[{"start":{"line":9,"column":4},"end":{"line":10,"column":53}}]},"2":{"loc":{"start":{"line":9,"column":8},"end":{"line":9,"column":50}},"type":"binary-expr","locations":[{"start":{"line":9,"column":8},"end":{"line":9,"column":27}},{"start":{"line":9,"column":31},"end":{"line":9,"column":50}}]}},"s":{"0":2,"1":2,"2":1,"3":1,"4":1,"5":0,"6":1,"7":1},"f":{"0":2},"b":{"0":[1],"1":[0],"2":[1,1]}}
,"C:\\Users\\User\\OneDrive\\Desktop\\EHU-2year\\DesignPatterns\\DesignPatterns_lab1TS\\src\\Triangle.ts": {"path":"C:\\Users\\User\\OneDrive\\Desktop\\EHU-2year\\DesignPatterns\\DesignPatterns_lab1TS\\src\\Triangle.ts","statementMap":{"0":{"start":{"line":7,"column":11},"end":{"line":7,"column":24}},"1":{"start":{"line":8,"column":11},"end":{"line":8,"column":24}},"2":{"start":{"line":9,"column":11},"end":{"line":9,"column":24}},"3":{"start":{"line":11,"column":4},"end":{"line":11,"column":88}},"4":{"start":{"line":15,"column":29},"end":{"line":15,"column":40}},"5":{"start":{"line":16,"column":29},"end":{"line":16,"column":40}},"6":{"start":{"line":17,"column":29},"end":{"line":17,"column":40}},"7":{"start":{"line":19,"column":4},"end":{"line":19,"column":76}},"8":{"start":{"line":23,"column":19},"end":{"line":23,"column":61}},"9":{"start":{"line":24,"column":19},"end":{"line":24,"column":61}},"10":{"start":{"line":25,"column":19},"end":{"line":25,"column":61}},"11":{"start":{"line":27,"column":4},"end":{"line":27,"column":36}},"12":{"start":{"line":31,"column":4},"end":{"line":33,"column":6}},"13":{"start":{"line":37,"column":4},"end":{"line":37,"column":32}},"14":{"start":{"line":41,"column":18},"end":{"line":45,"column":6}},"15":{"start":{"line":47,"column":4},"end":{"line":47,"column":32}},"16":{"start":{"line":47,"column":25},"end":{"line":47,"column":30}},"17":{"start":{"line":49,"column":4},"end":{"line":53,"column":6}},"18":{"start":{"line":57,"column":18},"end":{"line":61,"column":6}},"19":{"start":{"line":63,"column":4},"end":{"line":63,"column":35}},"20":{"start":{"line":3,"column":0},"end":{"line":3,"column":21}}},"fnMap":{"0":{"name":"(anonymous_0)","decl":{"start":{"line":6,"column":2},"end":{"line":6,"column":null}},"loc":{"start":{"line":9,"column":24},"end":{"line":12,"column":3}}},"1":{"name":"(anonymous_1)","decl":{"start":{"line":14,"column":2},"end":{"line":14,"column":9}},"loc":{"start":{"line":14,"column":9},"end":{"line":20,"column":3}}},"2":{"name":"(anonymous_2)","decl":{"start":{"line":22,"column":2},"end":{"line":22,"column":14}},"loc":{"start":{"line":22,"column":14},"end":{"line":28,"column":3}}},"3":{"name":"(anonymous_3)","decl":{"start":{"line":30,"column":10},"end":{"line":30,"column":21}},"loc":{"start":{"line":30,"column":50},"end":{"line":34,"column":3}}},"4":{"name":"(anonymous_4)","decl":{"start":{"line":36,"column":2},"end":{"line":36,"column":13}},"loc":{"start":{"line":36,"column":13},"end":{"line":38,"column":3}}},"5":{"name":"(anonymous_5)","decl":{"start":{"line":40,"column":2},"end":{"line":40,"column":15}},"loc":{"start":{"line":40,"column":15},"end":{"line":54,"column":3}}},"6":{"name":"(anonymous_6)","decl":{"start":{"line":47,"column":15},"end":{"line":47,"column":16}},"loc":{"start":{"line":47,"column":25},"end":{"line":47,"column":30}}},"7":{"name":"(anonymous_7)","decl":{"start":{"line":56,"column":2},"end":{"line":56,"column":13}},"loc":{"start":{"line":56,"column":13},"end":{"line":64,"column":3}}}},"branchMap":{},"s":{"0":1,"1":1,"2":1,"3":1,"4":1,"5":1,"6":1,"7":1,"8":0,"9":0,"10":0,"11":0,"12":0,"13":0,"14":0,"15":0,"16":0,"17":0,"18":0,"19":0,"20":1},"f":{"0":1,"1":1,"2":0,"3":0,"4":0,"5":0,"6":0,"7":0},"b":{}}
}
