TN:
SF:src\Point.ts
FN:2,(anonymous_0)
FNF:1
FNH:1
FNDA:3,(anonymous_0)
DA:1,1
DA:2,3
LF:2
LH:2
BRF:0
BRH:0
end_of_record
TN:
SF:src\ShapeValidator.ts
FN:2,(anonymous_0)
FNF:1
FNH:1
FNDA:2,(anonymous_0)
DA:1,1
DA:3,2
DA:5,2
DA:7,1
DA:9,1
DA:10,0
DA:12,1
LF:7
LH:6
BRDA:5,0,0,1
BRDA:9,1,0,0
BRDA:9,2,0,1
BRDA:9,2,1,1
BRF:4
BRH:3
end_of_record
TN:
SF:src\Triangle.ts
FN:6,(anonymous_0)
FN:14,(anonymous_1)
FN:22,(anonymous_2)
FN:30,(anonymous_3)
FN:36,(anonymous_4)
FN:40,(anonymous_5)
FN:47,(anonymous_6)
FN:56,(anonymous_7)
FNF:8
FNH:2
FNDA:1,(anonymous_0)
FNDA:1,(anonymous_1)
FNDA:0,(anonymous_2)
FNDA:0,(anonymous_3)
FNDA:0,(anonymous_4)
FNDA:0,(anonymous_5)
FNDA:0,(anonymous_6)
FNDA:0,(anonymous_7)
DA:3,1
DA:7,1
DA:8,1
DA:9,1
DA:11,1
DA:15,1
DA:16,1
DA:17,1
DA:19,1
DA:23,0
DA:24,0
DA:25,0
DA:27,0
DA:31,0
DA:37,0
DA:41,0
DA:47,0
DA:49,0
DA:57,0
DA:63,0
LF:20
LH:9
BRF:0
BRH:0
end_of_record
